<?xml version="1.0" encoding="UTF-8"?>
<testsuite name="com.ohgiraffers.section03.E_UnionAndFindTest" tests="2" skipped="0" failures="0" errors="0" timestamp="2025-09-26T04:11:19.376Z" hostname="LAPTOP-3U92GQS8" time="0.085">
  <properties/>
  <testcase name="[1] 9 7&#10; 1 2&#10; 2 3&#10; 3 4&#10; 1 5&#10; 6 7&#10; 7 8&#10; 8 9&#10; 3 8, NO" classname="com.ohgiraffers.section03.E_UnionAndFindTest" time="0.066"/>
  <testcase name="[2] 9 7&#10; 1 2&#10; 2 3&#10; 3 4&#10; 1 5&#10; 6 7&#10; 7 8&#10; 8 9&#10; 3 5, YES" classname="com.ohgiraffers.section03.E_UnionAndFindTest" time="0.004"/>
  <system-out><![CDATA[union(1,2)
parent : [0, 1, 1, 3, 4, 5, 6, 7, 8, 9]
size : [0, 2, 1, 1, 1, 1, 1, 1, 1, 1]
union(2,3)
parent : [0, 1, 1, 1, 4, 5, 6, 7, 8, 9]
size : [0, 3, 1, 1, 1, 1, 1, 1, 1, 1]
union(3,4)
parent : [0, 1, 1, 1, 1, 5, 6, 7, 8, 9]
size : [0, 4, 1, 1, 1, 1, 1, 1, 1, 1]
union(1,5)
parent : [0, 1, 1, 1, 1, 1, 6, 7, 8, 9]
size : [0, 5, 1, 1, 1, 1, 1, 1, 1, 1]
union(6,7)
parent : [0, 1, 1, 1, 1, 1, 6, 6, 8, 9]
size : [0, 5, 1, 1, 1, 1, 2, 1, 1, 1]
union(7,8)
parent : [0, 1, 1, 1, 1, 1, 6, 6, 6, 9]
size : [0, 5, 1, 1, 1, 1, 3, 1, 1, 1]
union(8,9)
parent : [0, 1, 1, 1, 1, 1, 6, 6, 6, 6]
size : [0, 5, 1, 1, 1, 1, 4, 1, 1, 1]
union(1,2)
parent : [0, 1, 1, 3, 4, 5, 6, 7, 8, 9]
size : [0, 2, 1, 1, 1, 1, 1, 1, 1, 1]
union(2,3)
parent : [0, 1, 1, 1, 4, 5, 6, 7, 8, 9]
size : [0, 3, 1, 1, 1, 1, 1, 1, 1, 1]
union(3,4)
parent : [0, 1, 1, 1, 1, 5, 6, 7, 8, 9]
size : [0, 4, 1, 1, 1, 1, 1, 1, 1, 1]
union(1,5)
parent : [0, 1, 1, 1, 1, 1, 6, 7, 8, 9]
size : [0, 5, 1, 1, 1, 1, 1, 1, 1, 1]
union(6,7)
parent : [0, 1, 1, 1, 1, 1, 6, 6, 8, 9]
size : [0, 5, 1, 1, 1, 1, 2, 1, 1, 1]
union(7,8)
parent : [0, 1, 1, 1, 1, 1, 6, 6, 6, 9]
size : [0, 5, 1, 1, 1, 1, 3, 1, 1, 1]
union(8,9)
parent : [0, 1, 1, 1, 1, 1, 6, 6, 6, 6]
size : [0, 5, 1, 1, 1, 1, 4, 1, 1, 1]
]]></system-out>
  <system-err><![CDATA[]]></system-err>
</testsuite>
