<?xml version="1.0" encoding="UTF-8"?>
<testsuite name="com.ohgiraffers.section01.sorting.D_QuickSortTest" tests="1" skipped="0" failures="0" errors="0" timestamp="2025-09-24T05:56:05.454Z" hostname="LAPTOP-3U92GQS8" time="0.084">
  <properties/>
  <testcase name="[1] [5, 3, 8, 9, 2, 4, 7], [2, 3, 4, 5, 7, 8, 9]" classname="com.ohgiraffers.section01.sorting.D_QuickSortTest" time="0.084"/>
  <system-out><![CDATA[원본 배열 : [5, 3, 8, 9, 2, 4, 7]
피벗 : 9 기준, 인덱스 범위 : 0 ~ 6
분할 전 배열 : [5, 3, 8, 9, 2, 4, 7]
분할 후 배열 : [5, 3, 8, 7, 2, 4, 9]
반환할 경계 인덱스 (오른쪽 구간 시작) : 6
-----------------------------------------
피벗 : 8 기준, 인덱스 범위 : 0 ~ 5
분할 전 배열 : [5, 3, 8, 7, 2, 4, 9]
분할 후 배열 : [5, 3, 4, 7, 2, 8, 9]
반환할 경계 인덱스 (오른쪽 구간 시작) : 5
-----------------------------------------
피벗 : 4 기준, 인덱스 범위 : 0 ~ 4
분할 전 배열 : [5, 3, 4, 7, 2, 8, 9]
분할 후 배열 : [2, 3, 4, 7, 5, 8, 9]
반환할 경계 인덱스 (오른쪽 구간 시작) : 3
-----------------------------------------
피벗 : 3 기준, 인덱스 범위 : 0 ~ 2
분할 전 배열 : [2, 3, 4, 7, 5, 8, 9]
분할 후 배열 : [2, 3, 4, 7, 5, 8, 9]
반환할 경계 인덱스 (오른쪽 구간 시작) : 2
-----------------------------------------
피벗 : 2 기준, 인덱스 범위 : 0 ~ 1
분할 전 배열 : [2, 3, 4, 7, 5, 8, 9]
분할 후 배열 : [2, 3, 4, 7, 5, 8, 9]
반환할 경계 인덱스 (오른쪽 구간 시작) : 1
-----------------------------------------
피벗 : 7 기준, 인덱스 범위 : 3 ~ 4
분할 전 배열 : [2, 3, 4, 7, 5, 8, 9]
분할 후 배열 : [2, 3, 4, 5, 7, 8, 9]
반환할 경계 인덱스 (오른쪽 구간 시작) : 4
-----------------------------------------
정렬 된 배열 : [2, 3, 4, 5, 7, 8, 9]
]]></system-out>
  <system-err><![CDATA[]]></system-err>
</testsuite>
