<?xml version="1.0" encoding="UTF-8"?>
<testsuite name="com.ohgiraffers.section02.C_DFSBFSTest" tests="2" skipped="0" failures="0" errors="0" timestamp="2025-09-25T08:37:56.624Z" hostname="LAPTOP-3U92GQS8" time="0.053">
  <properties/>
  <testcase name="[1] 4 5 1&#10;1 2&#10;1 3&#10;1 4&#10;2 4&#10;3 4, 1 2 4 3 &#10;1 2 3 4 " classname="com.ohgiraffers.section02.C_DFSBFSTest" time="0.045"/>
  <testcase name="[2] 5 5 3&#10;5 4&#10;5 2&#10;1 2&#10;3 4&#10;3 1, 3 1 2 5 4 &#10;3 1 4 2 5 " classname="com.ohgiraffers.section02.C_DFSBFSTest" time="0.003"/>
  <system-out><![CDATA[1 2 4 3 
1 2 3 4 
3 1 2 5 4 
3 1 4 2 5 
]]></system-out>
  <system-err><![CDATA[]]></system-err>
</testsuite>
