<?xml version="1.0" encoding="UTF-8"?>
<testsuite name="com.ohgiraffers.section03.Practice1Test" tests="2" skipped="0" failures="0" errors="0" timestamp="2025-09-29T02:09:55.643Z" hostname="LAPTOP-3U92GQS8" time="0.047">
  <properties/>
  <testcase name="[1] 4&#10;2 3 1&#10;5 2 4 1&#10;, 18" classname="com.ohgiraffers.section03.Practice1Test" time="0.041"/>
  <testcase name="[2] 4&#10;3 3 4&#10;1 1 1 1&#10;, 10" classname="com.ohgiraffers.section03.Practice1Test" time="0.002"/>
  <system-out><![CDATA[]]></system-out>
  <system-err><![CDATA[]]></system-err>
</testsuite>
