<?xml version="1.0" encoding="UTF-8"?>
<testsuite name="com.ohgiraffers.section05.deque.Practice1Test" tests="3" skipped="0" failures="0" errors="0" timestamp="2025-09-22T06:57:25.079Z" hostname="LAPTOP-3U92GQS8" time="0.065">
  <properties/>
  <testcase name="[1] [3, 2, 1, -3, -1], 1 4 5 3 2" classname="com.ohgiraffers.section05.deque.Practice1Test" time="0.039"/>
  <testcase name="[2] [2, 1, -3, -1], 1 3 2 4" classname="com.ohgiraffers.section05.deque.Practice1Test" time="0.004"/>
  <testcase name="[3] [-1, 2, 1], 1 3 2" classname="com.ohgiraffers.section05.deque.Practice1Test" time="0.001"/>
  <system-out><![CDATA[]]></system-out>
  <system-err><![CDATA[]]></system-err>
</testsuite>
